{"C:\\Users\\nikol\\Desktop\\Software Design group-project\\server\\Data\\FuelQuoteData.js": {"path":"C:\\Users\\nikol\\Desktop\\Software Design group-project\\server\\Data\\FuelQuoteData.js","statementMap":{"0":{"start":{"line":1,"column":17},"end":{"line":1,"column":36}},"1":{"start":{"line":3,"column":20},"end":{"line":9,"column":2}},"2":{"start":{"line":11,"column":22},"end":{"line":11,"column":83}},"3":{"start":{"line":13,"column":0},"end":{"line":13,"column":31}}},"fnMap":{},"branchMap":{},"s":{"0":1,"1":1,"2":1,"3":1},"f":{},"b":{},"_coverageSchema":"1a1c01bbd47fc00a2c39e90264f33305004495a9","hash":"217f3044a82f36fa0db865b8522549376ff99a0e"}
,"C:\\Users\\nikol\\Desktop\\Software Design group-project\\server\\Data\\UserData.js": {"path":"C:\\Users\\nikol\\Desktop\\Software Design group-project\\server\\Data\\UserData.js","statementMap":{"0":{"start":{"line":1,"column":17},"end":{"line":1,"column":36}},"1":{"start":{"line":3,"column":15},"end":{"line":3,"column":30}},"2":{"start":{"line":5,"column":19},"end":{"line":12,"column":2}},"3":{"start":{"line":14,"column":17},"end":{"line":14,"column":61}},"4":{"start":{"line":16,"column":0},"end":{"line":16,"column":26}}},"fnMap":{},"branchMap":{},"s":{"0":1,"1":1,"2":1,"3":1,"4":1},"f":{},"b":{},"_coverageSchema":"1a1c01bbd47fc00a2c39e90264f33305004495a9","hash":"574cf5af4b85f7cb6ef37813dd5f82e0fd1eb63b"}
,"C:\\Users\\nikol\\Desktop\\Software Design group-project\\server\\src\\FuelQuoteModule.js": {"path":"C:\\Users\\nikol\\Desktop\\Software Design group-project\\server\\src\\FuelQuoteModule.js","statementMap":{"0":{"start":{"line":4,"column":16},"end":{"line":4,"column":34}},"1":{"start":{"line":5,"column":15},"end":{"line":5,"column":31}},"2":{"start":{"line":6,"column":22},"end":{"line":6,"column":57}},"3":{"start":{"line":7,"column":40},"end":{"line":7,"column":59}},"4":{"start":{"line":11,"column":0},"end":{"line":40,"column":3}},"5":{"start":{"line":12,"column":4},"end":{"line":39,"column":5}},"6":{"start":{"line":13,"column":75},"end":{"line":13,"column":83}},"7":{"start":{"line":16,"column":8},"end":{"line":18,"column":9}},"8":{"start":{"line":17,"column":12},"end":{"line":17,"column":67}},"9":{"start":{"line":24,"column":26},"end":{"line":24,"column":59}},"10":{"start":{"line":27,"column":29},"end":{"line":33,"column":10}},"11":{"start":{"line":35,"column":8},"end":{"line":35,"column":34}},"12":{"start":{"line":36,"column":8},"end":{"line":36,"column":60}},"13":{"start":{"line":38,"column":8},"end":{"line":38,"column":44}},"14":{"start":{"line":45,"column":0},"end":{"line":55,"column":3}},"15":{"start":{"line":46,"column":4},"end":{"line":54,"column":5}},"16":{"start":{"line":49,"column":27},"end":{"line":49,"column":85}},"17":{"start":{"line":51,"column":8},"end":{"line":51,"column":41}},"18":{"start":{"line":53,"column":8},"end":{"line":53,"column":44}},"19":{"start":{"line":60,"column":0},"end":{"line":83,"column":3}},"20":{"start":{"line":61,"column":4},"end":{"line":82,"column":5}},"21":{"start":{"line":64,"column":71},"end":{"line":64,"column":80}},"22":{"start":{"line":67,"column":23},"end":{"line":67,"column":25}},"23":{"start":{"line":68,"column":8},"end":{"line":68,"column":43}},"24":{"start":{"line":68,"column":20},"end":{"line":68,"column":43}},"25":{"start":{"line":69,"column":8},"end":{"line":71,"column":9}},"26":{"start":{"line":70,"column":12},"end":{"line":70,"column":89}},"27":{"start":{"line":72,"column":8},"end":{"line":74,"column":9}},"28":{"start":{"line":73,"column":12},"end":{"line":73,"column":77}},"29":{"start":{"line":77,"column":27},"end":{"line":77,"column":59}},"30":{"start":{"line":79,"column":8},"end":{"line":79,"column":41}},"31":{"start":{"line":81,"column":8},"end":{"line":81,"column":44}},"32":{"start":{"line":86,"column":0},"end":{"line":86,"column":24}}},"fnMap":{"0":{"name":"(anonymous_0)","decl":{"start":{"line":11,"column":22},"end":{"line":11,"column":23}},"loc":{"start":{"line":11,"column":42},"end":{"line":40,"column":1}},"line":11},"1":{"name":"(anonymous_1)","decl":{"start":{"line":45,"column":37},"end":{"line":45,"column":38}},"loc":{"start":{"line":45,"column":57},"end":{"line":55,"column":1}},"line":45},"2":{"name":"(anonymous_2)","decl":{"start":{"line":60,"column":28},"end":{"line":60,"column":29}},"loc":{"start":{"line":60,"column":48},"end":{"line":83,"column":1}},"line":60}},"branchMap":{"0":{"loc":{"start":{"line":16,"column":8},"end":{"line":18,"column":9}},"type":"if","locations":[{"start":{"line":16,"column":8},"end":{"line":18,"column":9}},{"start":{},"end":{}}],"line":16},"1":{"loc":{"start":{"line":16,"column":12},"end":{"line":16,"column":57}},"type":"binary-expr","locations":[{"start":{"line":16,"column":12},"end":{"line":16,"column":19}},{"start":{"line":16,"column":23},"end":{"line":16,"column":40}},{"start":{"line":16,"column":44},"end":{"line":16,"column":57}}],"line":16},"2":{"loc":{"start":{"line":68,"column":8},"end":{"line":68,"column":43}},"type":"if","locations":[{"start":{"line":68,"column":8},"end":{"line":68,"column":43}},{"start":{},"end":{}}],"line":68},"3":{"loc":{"start":{"line":69,"column":8},"end":{"line":71,"column":9}},"type":"if","locations":[{"start":{"line":69,"column":8},"end":{"line":71,"column":9}},{"start":{},"end":{}}],"line":69},"4":{"loc":{"start":{"line":69,"column":12},"end":{"line":69,"column":32}},"type":"binary-expr","locations":[{"start":{"line":69,"column":12},"end":{"line":69,"column":21}},{"start":{"line":69,"column":25},"end":{"line":69,"column":32}}],"line":69},"5":{"loc":{"start":{"line":72,"column":8},"end":{"line":74,"column":9}},"type":"if","locations":[{"start":{"line":72,"column":8},"end":{"line":74,"column":9}},{"start":{},"end":{}}],"line":72},"6":{"loc":{"start":{"line":72,"column":12},"end":{"line":72,"column":36}},"type":"binary-expr","locations":[{"start":{"line":72,"column":12},"end":{"line":72,"column":22}},{"start":{"line":72,"column":26},"end":{"line":72,"column":36}}],"line":72}},"s":{"0":1,"1":1,"2":1,"3":1,"4":1,"5":3,"6":3,"7":3,"8":1,"9":2,"10":2,"11":2,"12":1,"13":1,"14":1,"15":2,"16":2,"17":1,"18":1,"19":1,"20":2,"21":2,"22":2,"23":2,"24":2,"25":2,"26":0,"27":2,"28":1,"29":2,"30":1,"31":1,"32":1},"f":{"0":3,"1":2,"2":2},"b":{"0":[1,2],"1":[3,3,3],"2":[2,0],"3":[0,2],"4":[2,0],"5":[1,1],"6":[2,1]},"_coverageSchema":"1a1c01bbd47fc00a2c39e90264f33305004495a9","hash":"003a2cb9471a265288ac0dbeaa941d9a4ec1a4f3"}
,"C:\\Users\\nikol\\Desktop\\Software Design group-project\\server\\src\\LoginModule.js": {"path":"C:\\Users\\nikol\\Desktop\\Software Design group-project\\server\\src\\LoginModule.js","statementMap":{"0":{"start":{"line":1,"column":17},"end":{"line":1,"column":36}},"1":{"start":{"line":2,"column":16},"end":{"line":2,"column":34}},"2":{"start":{"line":4,"column":15},"end":{"line":4,"column":32}},"3":{"start":{"line":5,"column":19},"end":{"line":5,"column":21}},"4":{"start":{"line":7,"column":15},"end":{"line":7,"column":31}},"5":{"start":{"line":9,"column":17},"end":{"line":9,"column":47}},"6":{"start":{"line":11,"column":0},"end":{"line":30,"column":2}},"7":{"start":{"line":12,"column":4},"end":{"line":29,"column":5}},"8":{"start":{"line":13,"column":37},"end":{"line":13,"column":49}},"9":{"start":{"line":15,"column":31},"end":{"line":15,"column":70}},"10":{"start":{"line":17,"column":24},"end":{"line":21,"column":10}},"11":{"start":{"line":23,"column":8},"end":{"line":23,"column":29}},"12":{"start":{"line":25,"column":8},"end":{"line":25,"column":64}},"13":{"start":{"line":27,"column":8},"end":{"line":27,"column":27}},"14":{"start":{"line":28,"column":8},"end":{"line":28,"column":80}},"15":{"start":{"line":32,"column":0},"end":{"line":45,"column":2}},"16":{"start":{"line":33,"column":4},"end":{"line":44,"column":5}},"17":{"start":{"line":34,"column":21},"end":{"line":34,"column":79}},"18":{"start":{"line":36,"column":8},"end":{"line":40,"column":9}},"19":{"start":{"line":37,"column":12},"end":{"line":37,"column":80}},"20":{"start":{"line":39,"column":12},"end":{"line":39,"column":56}},"21":{"start":{"line":42,"column":8},"end":{"line":42,"column":50}},"22":{"start":{"line":43,"column":8},"end":{"line":43,"column":52}},"23":{"start":{"line":47,"column":0},"end":{"line":63,"column":2}},"24":{"start":{"line":48,"column":4},"end":{"line":62,"column":5}},"25":{"start":{"line":49,"column":21},"end":{"line":49,"column":79}},"26":{"start":{"line":51,"column":32},"end":{"line":51,"column":91}},"27":{"start":{"line":53,"column":8},"end":{"line":53,"column":59}},"28":{"start":{"line":55,"column":8},"end":{"line":59,"column":9}},"29":{"start":{"line":56,"column":12},"end":{"line":56,"column":46}},"30":{"start":{"line":58,"column":12},"end":{"line":58,"column":47}},"31":{"start":{"line":61,"column":8},"end":{"line":61,"column":52}},"32":{"start":{"line":65,"column":0},"end":{"line":65,"column":24}}},"fnMap":{"0":{"name":"(anonymous_0)","decl":{"start":{"line":11,"column":31},"end":{"line":11,"column":32}},"loc":{"start":{"line":11,"column":60},"end":{"line":30,"column":1}},"line":11},"1":{"name":"(anonymous_1)","decl":{"start":{"line":32,"column":24},"end":{"line":32,"column":25}},"loc":{"start":{"line":32,"column":53},"end":{"line":45,"column":1}},"line":32},"2":{"name":"(anonymous_2)","decl":{"start":{"line":47,"column":34},"end":{"line":47,"column":35}},"loc":{"start":{"line":47,"column":63},"end":{"line":63,"column":1}},"line":47}},"branchMap":{"0":{"loc":{"start":{"line":36,"column":8},"end":{"line":40,"column":9}},"type":"if","locations":[{"start":{"line":36,"column":8},"end":{"line":40,"column":9}},{"start":{"line":38,"column":15},"end":{"line":40,"column":9}}],"line":36},"1":{"loc":{"start":{"line":55,"column":8},"end":{"line":59,"column":9}},"type":"if","locations":[{"start":{"line":55,"column":8},"end":{"line":59,"column":9}},{"start":{"line":57,"column":15},"end":{"line":59,"column":9}}],"line":55}},"s":{"0":1,"1":1,"2":1,"3":1,"4":1,"5":1,"6":1,"7":2,"8":2,"9":2,"10":2,"11":2,"12":1,"13":1,"14":1,"15":1,"16":3,"17":3,"18":3,"19":1,"20":2,"21":0,"22":0,"23":1,"24":3,"25":3,"26":3,"27":2,"28":2,"29":1,"30":1,"31":1,"32":1},"f":{"0":2,"1":3,"2":3},"b":{"0":[1,2],"1":[1,1]},"_coverageSchema":"1a1c01bbd47fc00a2c39e90264f33305004495a9","hash":"26cff01d7f17f27bde6722d7c4144cf33d1f901b"}
,"C:\\Users\\nikol\\Desktop\\Software Design group-project\\server\\src\\ProfileModule.js": {"path":"C:\\Users\\nikol\\Desktop\\Software Design group-project\\server\\src\\ProfileModule.js","statementMap":{"0":{"start":{"line":3,"column":16},"end":{"line":3,"column":34}},"1":{"start":{"line":4,"column":15},"end":{"line":4,"column":31}},"2":{"start":{"line":5,"column":17},"end":{"line":5,"column":47}},"3":{"start":{"line":8,"column":0},"end":{"line":20,"column":3}},"4":{"start":{"line":9,"column":4},"end":{"line":19,"column":5}},"5":{"start":{"line":10,"column":21},"end":{"line":10,"column":78}},"6":{"start":{"line":11,"column":8},"end":{"line":13,"column":9}},"7":{"start":{"line":12,"column":12},"end":{"line":12,"column":58}},"8":{"start":{"line":15,"column":56},"end":{"line":15,"column":71}},"9":{"start":{"line":16,"column":8},"end":{"line":16,"column":53}},"10":{"start":{"line":18,"column":8},"end":{"line":18,"column":44}},"11":{"start":{"line":23,"column":0},"end":{"line":43,"column":3}},"12":{"start":{"line":24,"column":4},"end":{"line":42,"column":5}},"13":{"start":{"line":25,"column":53},"end":{"line":25,"column":61}},"14":{"start":{"line":26,"column":21},"end":{"line":26,"column":78}},"15":{"start":{"line":28,"column":8},"end":{"line":30,"column":9}},"16":{"start":{"line":29,"column":12},"end":{"line":29,"column":58}},"17":{"start":{"line":33,"column":8},"end":{"line":33,"column":35}},"18":{"start":{"line":33,"column":18},"end":{"line":33,"column":35}},"19":{"start":{"line":34,"column":8},"end":{"line":34,"column":44}},"20":{"start":{"line":34,"column":21},"end":{"line":34,"column":44}},"21":{"start":{"line":35,"column":8},"end":{"line":35,"column":44}},"22":{"start":{"line":35,"column":21},"end":{"line":35,"column":44}},"23":{"start":{"line":36,"column":8},"end":{"line":36,"column":47}},"24":{"start":{"line":36,"column":22},"end":{"line":36,"column":47}},"25":{"start":{"line":38,"column":8},"end":{"line":38,"column":26}},"26":{"start":{"line":39,"column":8},"end":{"line":39,"column":66}},"27":{"start":{"line":41,"column":8},"end":{"line":41,"column":44}},"28":{"start":{"line":45,"column":0},"end":{"line":45,"column":24}}},"fnMap":{"0":{"name":"(anonymous_0)","decl":{"start":{"line":8,"column":33},"end":{"line":8,"column":34}},"loc":{"start":{"line":8,"column":53},"end":{"line":20,"column":1}},"line":8},"1":{"name":"(anonymous_1)","decl":{"start":{"line":23,"column":33},"end":{"line":23,"column":34}},"loc":{"start":{"line":23,"column":53},"end":{"line":43,"column":1}},"line":23}},"branchMap":{"0":{"loc":{"start":{"line":11,"column":8},"end":{"line":13,"column":9}},"type":"if","locations":[{"start":{"line":11,"column":8},"end":{"line":13,"column":9}},{"start":{},"end":{}}],"line":11},"1":{"loc":{"start":{"line":28,"column":8},"end":{"line":30,"column":9}},"type":"if","locations":[{"start":{"line":28,"column":8},"end":{"line":30,"column":9}},{"start":{},"end":{}}],"line":28},"2":{"loc":{"start":{"line":33,"column":8},"end":{"line":33,"column":35}},"type":"if","locations":[{"start":{"line":33,"column":8},"end":{"line":33,"column":35}},{"start":{},"end":{}}],"line":33},"3":{"loc":{"start":{"line":34,"column":8},"end":{"line":34,"column":44}},"type":"if","locations":[{"start":{"line":34,"column":8},"end":{"line":34,"column":44}},{"start":{},"end":{}}],"line":34},"4":{"loc":{"start":{"line":35,"column":8},"end":{"line":35,"column":44}},"type":"if","locations":[{"start":{"line":35,"column":8},"end":{"line":35,"column":44}},{"start":{},"end":{}}],"line":35},"5":{"loc":{"start":{"line":36,"column":8},"end":{"line":36,"column":47}},"type":"if","locations":[{"start":{"line":36,"column":8},"end":{"line":36,"column":47}},{"start":{},"end":{}}],"line":36}},"s":{"0":1,"1":1,"2":1,"3":1,"4":3,"5":3,"6":3,"7":2,"8":1,"9":1,"10":0,"11":1,"12":3,"13":3,"14":3,"15":3,"16":2,"17":1,"18":1,"19":1,"20":1,"21":1,"22":1,"23":1,"24":1,"25":1,"26":1,"27":0,"28":1},"f":{"0":3,"1":3},"b":{"0":[2,1],"1":[2,1],"2":[1,0],"3":[1,0],"4":[1,0],"5":[1,0]},"_coverageSchema":"1a1c01bbd47fc00a2c39e90264f33305004495a9","hash":"128fab927ad657728a88b3852d885eefc982065a"}
}
