{"C:\\Users\\nikol\\Desktop\\Software Design group-project\\server\\Data\\FuelQuoteData.js": {"path":"C:\\Users\\nikol\\Desktop\\Software Design group-project\\server\\Data\\FuelQuoteData.js","statementMap":{"0":{"start":{"line":1,"column":17},"end":{"line":1,"column":36}},"1":{"start":{"line":3,"column":20},"end":{"line":9,"column":2}},"2":{"start":{"line":11,"column":22},"end":{"line":11,"column":83}},"3":{"start":{"line":13,"column":0},"end":{"line":13,"column":31}}},"fnMap":{},"branchMap":{},"s":{"0":2,"1":2,"2":2,"3":2},"f":{},"b":{},"_coverageSchema":"1a1c01bbd47fc00a2c39e90264f33305004495a9","hash":"217f3044a82f36fa0db865b8522549376ff99a0e"}
,"C:\\Users\\nikol\\Desktop\\Software Design group-project\\server\\Data\\UserData.js": {"path":"C:\\Users\\nikol\\Desktop\\Software Design group-project\\server\\Data\\UserData.js","statementMap":{"0":{"start":{"line":1,"column":17},"end":{"line":1,"column":36}},"1":{"start":{"line":3,"column":15},"end":{"line":3,"column":30}},"2":{"start":{"line":5,"column":19},"end":{"line":11,"column":2}},"3":{"start":{"line":13,"column":17},"end":{"line":13,"column":61}},"4":{"start":{"line":15,"column":0},"end":{"line":15,"column":26}}},"fnMap":{},"branchMap":{},"s":{"0":1,"1":1,"2":1,"3":1,"4":1},"f":{},"b":{},"_coverageSchema":"1a1c01bbd47fc00a2c39e90264f33305004495a9","hash":"ce8de0d495be6321cd031d5a8dfa96fdd7ad2ab7"}
,"C:\\Users\\nikol\\Desktop\\Software Design group-project\\server\\src\\FuelQuoteModule.js": {"path":"C:\\Users\\nikol\\Desktop\\Software Design group-project\\server\\src\\FuelQuoteModule.js","statementMap":{"0":{"start":{"line":4,"column":16},"end":{"line":4,"column":34}},"1":{"start":{"line":5,"column":15},"end":{"line":5,"column":31}},"2":{"start":{"line":6,"column":22},"end":{"line":6,"column":57}},"3":{"start":{"line":11,"column":0},"end":{"line":41,"column":3}},"4":{"start":{"line":12,"column":4},"end":{"line":40,"column":5}},"5":{"start":{"line":13,"column":75},"end":{"line":13,"column":83}},"6":{"start":{"line":16,"column":8},"end":{"line":18,"column":9}},"7":{"start":{"line":17,"column":12},"end":{"line":17,"column":67}},"8":{"start":{"line":25,"column":26},"end":{"line":25,"column":59}},"9":{"start":{"line":28,"column":29},"end":{"line":34,"column":10}},"10":{"start":{"line":36,"column":8},"end":{"line":36,"column":34}},"11":{"start":{"line":37,"column":8},"end":{"line":37,"column":60}},"12":{"start":{"line":39,"column":8},"end":{"line":39,"column":44}},"13":{"start":{"line":46,"column":0},"end":{"line":56,"column":3}},"14":{"start":{"line":47,"column":4},"end":{"line":55,"column":5}},"15":{"start":{"line":50,"column":27},"end":{"line":50,"column":85}},"16":{"start":{"line":52,"column":8},"end":{"line":52,"column":41}},"17":{"start":{"line":54,"column":8},"end":{"line":54,"column":44}},"18":{"start":{"line":61,"column":0},"end":{"line":87,"column":3}},"19":{"start":{"line":62,"column":4},"end":{"line":86,"column":5}},"20":{"start":{"line":65,"column":71},"end":{"line":65,"column":80}},"21":{"start":{"line":68,"column":23},"end":{"line":68,"column":25}},"22":{"start":{"line":69,"column":8},"end":{"line":71,"column":9}},"23":{"start":{"line":70,"column":12},"end":{"line":70,"column":35}},"24":{"start":{"line":73,"column":8},"end":{"line":75,"column":9}},"25":{"start":{"line":74,"column":12},"end":{"line":74,"column":89}},"26":{"start":{"line":76,"column":8},"end":{"line":78,"column":9}},"27":{"start":{"line":77,"column":12},"end":{"line":77,"column":77}},"28":{"start":{"line":81,"column":27},"end":{"line":81,"column":59}},"29":{"start":{"line":83,"column":8},"end":{"line":83,"column":41}},"30":{"start":{"line":85,"column":8},"end":{"line":85,"column":44}},"31":{"start":{"line":90,"column":0},"end":{"line":90,"column":24}}},"fnMap":{"0":{"name":"(anonymous_0)","decl":{"start":{"line":11,"column":22},"end":{"line":11,"column":23}},"loc":{"start":{"line":11,"column":42},"end":{"line":41,"column":1}},"line":11},"1":{"name":"(anonymous_1)","decl":{"start":{"line":46,"column":37},"end":{"line":46,"column":38}},"loc":{"start":{"line":46,"column":57},"end":{"line":56,"column":1}},"line":46},"2":{"name":"(anonymous_2)","decl":{"start":{"line":61,"column":28},"end":{"line":61,"column":29}},"loc":{"start":{"line":61,"column":48},"end":{"line":87,"column":1}},"line":61}},"branchMap":{"0":{"loc":{"start":{"line":16,"column":8},"end":{"line":18,"column":9}},"type":"if","locations":[{"start":{"line":16,"column":8},"end":{"line":18,"column":9}},{"start":{},"end":{}}],"line":16},"1":{"loc":{"start":{"line":16,"column":12},"end":{"line":16,"column":57}},"type":"binary-expr","locations":[{"start":{"line":16,"column":12},"end":{"line":16,"column":19}},{"start":{"line":16,"column":23},"end":{"line":16,"column":40}},{"start":{"line":16,"column":44},"end":{"line":16,"column":57}}],"line":16},"2":{"loc":{"start":{"line":69,"column":8},"end":{"line":71,"column":9}},"type":"if","locations":[{"start":{"line":69,"column":8},"end":{"line":71,"column":9}},{"start":{},"end":{}}],"line":69},"3":{"loc":{"start":{"line":73,"column":8},"end":{"line":75,"column":9}},"type":"if","locations":[{"start":{"line":73,"column":8},"end":{"line":75,"column":9}},{"start":{},"end":{}}],"line":73},"4":{"loc":{"start":{"line":73,"column":12},"end":{"line":73,"column":32}},"type":"binary-expr","locations":[{"start":{"line":73,"column":12},"end":{"line":73,"column":21}},{"start":{"line":73,"column":25},"end":{"line":73,"column":32}}],"line":73},"5":{"loc":{"start":{"line":76,"column":8},"end":{"line":78,"column":9}},"type":"if","locations":[{"start":{"line":76,"column":8},"end":{"line":78,"column":9}},{"start":{},"end":{}}],"line":76},"6":{"loc":{"start":{"line":76,"column":12},"end":{"line":76,"column":36}},"type":"binary-expr","locations":[{"start":{"line":76,"column":12},"end":{"line":76,"column":22}},{"start":{"line":76,"column":26},"end":{"line":76,"column":36}}],"line":76}},"s":{"0":2,"1":2,"2":2,"3":2,"4":3,"5":3,"6":3,"7":1,"8":2,"9":2,"10":2,"11":1,"12":1,"13":2,"14":2,"15":2,"16":1,"17":1,"18":2,"19":3,"20":3,"21":3,"22":3,"23":2,"24":3,"25":2,"26":3,"27":2,"28":3,"29":2,"30":1,"31":2},"f":{"0":3,"1":2,"2":3},"b":{"0":[1,2],"1":[3,3,3],"2":[2,1],"3":[2,1],"4":[3,2],"5":[2,1],"6":[3,2]},"_coverageSchema":"1a1c01bbd47fc00a2c39e90264f33305004495a9","hash":"23c2352203e6726da6bb4e31d85ce420abbe0548"}
,"C:\\Users\\nikol\\Desktop\\Software Design group-project\\server\\src\\LoginModule.js": {"path":"C:\\Users\\nikol\\Desktop\\Software Design group-project\\server\\src\\LoginModule.js","statementMap":{"0":{"start":{"line":1,"column":17},"end":{"line":1,"column":36}},"1":{"start":{"line":2,"column":16},"end":{"line":2,"column":34}},"2":{"start":{"line":4,"column":15},"end":{"line":4,"column":32}},"3":{"start":{"line":5,"column":19},"end":{"line":5,"column":21}},"4":{"start":{"line":7,"column":15},"end":{"line":7,"column":31}},"5":{"start":{"line":9,"column":17},"end":{"line":9,"column":47}},"6":{"start":{"line":11,"column":0},"end":{"line":29,"column":2}},"7":{"start":{"line":12,"column":4},"end":{"line":28,"column":5}},"8":{"start":{"line":13,"column":45},"end":{"line":13,"column":57}},"9":{"start":{"line":15,"column":31},"end":{"line":15,"column":70}},"10":{"start":{"line":17,"column":24},"end":{"line":20,"column":10}},"11":{"start":{"line":22,"column":8},"end":{"line":22,"column":29}},"12":{"start":{"line":24,"column":8},"end":{"line":24,"column":64}},"13":{"start":{"line":26,"column":8},"end":{"line":26,"column":27}},"14":{"start":{"line":27,"column":8},"end":{"line":27,"column":80}},"15":{"start":{"line":31,"column":0},"end":{"line":44,"column":2}},"16":{"start":{"line":32,"column":4},"end":{"line":43,"column":5}},"17":{"start":{"line":33,"column":21},"end":{"line":33,"column":79}},"18":{"start":{"line":35,"column":8},"end":{"line":39,"column":9}},"19":{"start":{"line":36,"column":12},"end":{"line":36,"column":80}},"20":{"start":{"line":38,"column":12},"end":{"line":38,"column":56}},"21":{"start":{"line":41,"column":8},"end":{"line":41,"column":50}},"22":{"start":{"line":42,"column":8},"end":{"line":42,"column":49}},"23":{"start":{"line":46,"column":0},"end":{"line":62,"column":2}},"24":{"start":{"line":47,"column":4},"end":{"line":61,"column":5}},"25":{"start":{"line":48,"column":21},"end":{"line":48,"column":79}},"26":{"start":{"line":50,"column":32},"end":{"line":50,"column":91}},"27":{"start":{"line":52,"column":8},"end":{"line":52,"column":59}},"28":{"start":{"line":54,"column":8},"end":{"line":58,"column":9}},"29":{"start":{"line":55,"column":12},"end":{"line":55,"column":46}},"30":{"start":{"line":57,"column":12},"end":{"line":57,"column":47}},"31":{"start":{"line":60,"column":8},"end":{"line":60,"column":49}},"32":{"start":{"line":64,"column":0},"end":{"line":64,"column":24}}},"fnMap":{"0":{"name":"(anonymous_0)","decl":{"start":{"line":11,"column":31},"end":{"line":11,"column":32}},"loc":{"start":{"line":11,"column":60},"end":{"line":29,"column":1}},"line":11},"1":{"name":"(anonymous_1)","decl":{"start":{"line":31,"column":24},"end":{"line":31,"column":25}},"loc":{"start":{"line":31,"column":53},"end":{"line":44,"column":1}},"line":31},"2":{"name":"(anonymous_2)","decl":{"start":{"line":46,"column":34},"end":{"line":46,"column":35}},"loc":{"start":{"line":46,"column":63},"end":{"line":62,"column":1}},"line":46}},"branchMap":{"0":{"loc":{"start":{"line":35,"column":8},"end":{"line":39,"column":9}},"type":"if","locations":[{"start":{"line":35,"column":8},"end":{"line":39,"column":9}},{"start":{"line":37,"column":15},"end":{"line":39,"column":9}}],"line":35},"1":{"loc":{"start":{"line":54,"column":8},"end":{"line":58,"column":9}},"type":"if","locations":[{"start":{"line":54,"column":8},"end":{"line":58,"column":9}},{"start":{"line":56,"column":15},"end":{"line":58,"column":9}}],"line":54}},"s":{"0":2,"1":2,"2":2,"3":2,"4":2,"5":2,"6":2,"7":2,"8":2,"9":2,"10":2,"11":2,"12":1,"13":1,"14":1,"15":2,"16":3,"17":3,"18":2,"19":1,"20":1,"21":1,"22":1,"23":2,"24":3,"25":3,"26":3,"27":2,"28":2,"29":1,"30":1,"31":1,"32":2},"f":{"0":2,"1":3,"2":3},"b":{"0":[1,1],"1":[1,1]},"_coverageSchema":"1a1c01bbd47fc00a2c39e90264f33305004495a9","hash":"b1d6a8884f029e755ddd78f1dd0efa11bbd313d8"}
,"C:\\Users\\nikol\\Desktop\\Software Design group-project\\server\\src\\ProfileModule.js": {"path":"C:\\Users\\nikol\\Desktop\\Software Design group-project\\server\\src\\ProfileModule.js","statementMap":{"0":{"start":{"line":3,"column":16},"end":{"line":3,"column":34}},"1":{"start":{"line":4,"column":15},"end":{"line":4,"column":31}},"2":{"start":{"line":5,"column":17},"end":{"line":5,"column":47}},"3":{"start":{"line":7,"column":15},"end":{"line":7,"column":32}},"4":{"start":{"line":8,"column":19},"end":{"line":8,"column":21}},"5":{"start":{"line":11,"column":0},"end":{"line":23,"column":3}},"6":{"start":{"line":12,"column":4},"end":{"line":22,"column":5}},"7":{"start":{"line":13,"column":21},"end":{"line":13,"column":78}},"8":{"start":{"line":14,"column":8},"end":{"line":16,"column":9}},"9":{"start":{"line":15,"column":12},"end":{"line":15,"column":58}},"10":{"start":{"line":18,"column":56},"end":{"line":18,"column":71}},"11":{"start":{"line":19,"column":8},"end":{"line":19,"column":53}},"12":{"start":{"line":21,"column":8},"end":{"line":21,"column":44}},"13":{"start":{"line":26,"column":0},"end":{"line":49,"column":3}},"14":{"start":{"line":27,"column":4},"end":{"line":48,"column":5}},"15":{"start":{"line":28,"column":53},"end":{"line":28,"column":61}},"16":{"start":{"line":29,"column":21},"end":{"line":29,"column":78}},"17":{"start":{"line":31,"column":8},"end":{"line":33,"column":9}},"18":{"start":{"line":32,"column":12},"end":{"line":32,"column":58}},"19":{"start":{"line":36,"column":8},"end":{"line":36,"column":35}},"20":{"start":{"line":36,"column":18},"end":{"line":36,"column":35}},"21":{"start":{"line":37,"column":8},"end":{"line":37,"column":44}},"22":{"start":{"line":37,"column":21},"end":{"line":37,"column":44}},"23":{"start":{"line":38,"column":8},"end":{"line":38,"column":44}},"24":{"start":{"line":38,"column":21},"end":{"line":38,"column":44}},"25":{"start":{"line":39,"column":8},"end":{"line":42,"column":9}},"26":{"start":{"line":40,"column":35},"end":{"line":40,"column":74}},"27":{"start":{"line":41,"column":12},"end":{"line":41,"column":43}},"28":{"start":{"line":44,"column":8},"end":{"line":44,"column":26}},"29":{"start":{"line":45,"column":8},"end":{"line":45,"column":66}},"30":{"start":{"line":47,"column":8},"end":{"line":47,"column":44}},"31":{"start":{"line":51,"column":0},"end":{"line":51,"column":24}}},"fnMap":{"0":{"name":"(anonymous_0)","decl":{"start":{"line":11,"column":33},"end":{"line":11,"column":34}},"loc":{"start":{"line":11,"column":53},"end":{"line":23,"column":1}},"line":11},"1":{"name":"(anonymous_1)","decl":{"start":{"line":26,"column":33},"end":{"line":26,"column":34}},"loc":{"start":{"line":26,"column":53},"end":{"line":49,"column":1}},"line":26}},"branchMap":{"0":{"loc":{"start":{"line":14,"column":8},"end":{"line":16,"column":9}},"type":"if","locations":[{"start":{"line":14,"column":8},"end":{"line":16,"column":9}},{"start":{},"end":{}}],"line":14},"1":{"loc":{"start":{"line":31,"column":8},"end":{"line":33,"column":9}},"type":"if","locations":[{"start":{"line":31,"column":8},"end":{"line":33,"column":9}},{"start":{},"end":{}}],"line":31},"2":{"loc":{"start":{"line":36,"column":8},"end":{"line":36,"column":35}},"type":"if","locations":[{"start":{"line":36,"column":8},"end":{"line":36,"column":35}},{"start":{},"end":{}}],"line":36},"3":{"loc":{"start":{"line":37,"column":8},"end":{"line":37,"column":44}},"type":"if","locations":[{"start":{"line":37,"column":8},"end":{"line":37,"column":44}},{"start":{},"end":{}}],"line":37},"4":{"loc":{"start":{"line":38,"column":8},"end":{"line":38,"column":44}},"type":"if","locations":[{"start":{"line":38,"column":8},"end":{"line":38,"column":44}},{"start":{},"end":{}}],"line":38},"5":{"loc":{"start":{"line":39,"column":8},"end":{"line":42,"column":9}},"type":"if","locations":[{"start":{"line":39,"column":8},"end":{"line":42,"column":9}},{"start":{},"end":{}}],"line":39}},"s":{"0":2,"1":2,"2":2,"3":2,"4":2,"5":2,"6":3,"7":3,"8":2,"9":1,"10":1,"11":1,"12":1,"13":2,"14":4,"15":4,"16":4,"17":3,"18":1,"19":2,"20":1,"21":2,"22":1,"23":2,"24":1,"25":2,"26":1,"27":1,"28":2,"29":2,"30":1,"31":2},"f":{"0":3,"1":4},"b":{"0":[1,1],"1":[1,2],"2":[1,1],"3":[1,1],"4":[1,1],"5":[1,1]},"_coverageSchema":"1a1c01bbd47fc00a2c39e90264f33305004495a9","hash":"f29a23f8c8605ea24091e12f3d663ee5e96d7d22"}
}
