TN:
SF:Data\FuelQuoteData.js
FNF:0
FNH:0
DA:1,1
DA:3,1
DA:11,1
DA:13,1
LF:4
LH:4
BRF:0
BRH:0
end_of_record
TN:
SF:Data\UserData.js
FNF:0
FNH:0
DA:1,1
DA:3,1
DA:5,1
DA:14,1
DA:16,1
LF:5
LH:5
BRF:0
BRH:0
end_of_record
TN:
SF:src\FuelQuoteModule.js
FN:11,(anonymous_0)
FN:45,(anonymous_1)
FN:60,(anonymous_2)
FNF:3
FNH:3
FNDA:3,(anonymous_0)
FNDA:2,(anonymous_1)
FNDA:2,(anonymous_2)
DA:4,1
DA:5,1
DA:6,1
DA:7,1
DA:11,1
DA:12,3
DA:13,3
DA:16,3
DA:17,1
DA:24,2
DA:27,2
DA:35,2
DA:36,1
DA:38,1
DA:45,1
DA:46,2
DA:49,2
DA:51,1
DA:53,1
DA:60,1
DA:61,2
DA:64,2
DA:67,2
DA:68,2
DA:69,2
DA:70,0
DA:72,2
DA:73,1
DA:77,2
DA:79,1
DA:81,1
DA:86,1
LF:32
LH:31
BRDA:16,0,0,1
BRDA:16,0,1,2
BRDA:16,1,0,3
BRDA:16,1,1,3
BRDA:16,1,2,3
BRDA:68,2,0,2
BRDA:68,2,1,0
BRDA:69,3,0,0
BRDA:69,3,1,2
BRDA:69,4,0,2
BRDA:69,4,1,0
BRDA:72,5,0,1
BRDA:72,5,1,1
BRDA:72,6,0,2
BRDA:72,6,1,1
BRF:15
BRH:12
end_of_record
TN:
SF:src\LoginModule.js
FN:11,(anonymous_0)
FN:32,(anonymous_1)
FN:47,(anonymous_2)
FNF:3
FNH:3
FNDA:2,(anonymous_0)
FNDA:3,(anonymous_1)
FNDA:3,(anonymous_2)
DA:1,1
DA:2,1
DA:4,1
DA:5,1
DA:7,1
DA:9,1
DA:11,1
DA:12,2
DA:13,2
DA:15,2
DA:17,2
DA:23,2
DA:25,1
DA:27,1
DA:28,1
DA:32,1
DA:33,3
DA:34,3
DA:36,3
DA:37,1
DA:39,2
DA:42,0
DA:43,0
DA:47,1
DA:48,3
DA:49,3
DA:51,3
DA:53,2
DA:55,2
DA:56,1
DA:58,1
DA:61,1
DA:65,1
LF:33
LH:31
BRDA:36,0,0,1
BRDA:36,0,1,2
BRDA:55,1,0,1
BRDA:55,1,1,1
BRF:4
BRH:4
end_of_record
TN:
SF:src\ProfileModule.js
FN:8,(anonymous_0)
FN:23,(anonymous_1)
FNF:2
FNH:2
FNDA:3,(anonymous_0)
FNDA:3,(anonymous_1)
DA:3,1
DA:4,1
DA:5,1
DA:8,1
DA:9,3
DA:10,3
DA:11,3
DA:12,2
DA:15,1
DA:16,1
DA:18,0
DA:23,1
DA:24,3
DA:25,3
DA:26,3
DA:28,3
DA:29,2
DA:33,1
DA:34,1
DA:35,1
DA:36,1
DA:38,1
DA:39,1
DA:41,0
DA:45,1
LF:25
LH:23
BRDA:11,0,0,2
BRDA:11,0,1,1
BRDA:28,1,0,2
BRDA:28,1,1,1
BRDA:33,2,0,1
BRDA:33,2,1,0
BRDA:34,3,0,1
BRDA:34,3,1,0
BRDA:35,4,0,1
BRDA:35,4,1,0
BRDA:36,5,0,1
BRDA:36,5,1,0
BRF:12
BRH:8
end_of_record
