TN:
SF:Data\FuelQuoteData.js
FNF:0
FNH:0
DA:1,2
DA:3,2
DA:11,2
DA:13,2
LF:4
LH:4
BRF:0
BRH:0
end_of_record
TN:
SF:Data\UserData.js
FNF:0
FNH:0
DA:1,1
DA:3,1
DA:5,1
DA:13,1
DA:15,1
LF:5
LH:5
BRF:0
BRH:0
end_of_record
TN:
SF:src\FuelQuoteModule.js
FN:11,(anonymous_0)
FN:46,(anonymous_1)
FN:61,(anonymous_2)
FNF:3
FNH:3
FNDA:3,(anonymous_0)
FNDA:2,(anonymous_1)
FNDA:2,(anonymous_2)
DA:4,2
DA:5,2
DA:6,2
DA:11,2
DA:12,3
DA:13,3
DA:16,3
DA:17,1
DA:25,2
DA:28,2
DA:36,2
DA:37,1
DA:39,1
DA:46,2
DA:47,2
DA:50,2
DA:52,1
DA:54,1
DA:61,2
DA:62,2
DA:65,2
DA:68,2
DA:69,2
DA:70,2
DA:72,2
DA:73,0
DA:75,2
DA:76,1
DA:80,2
DA:82,1
DA:84,1
DA:89,2
LF:32
LH:31
BRDA:16,0,0,1
BRDA:16,0,1,2
BRDA:16,1,0,3
BRDA:16,1,1,3
BRDA:16,1,2,3
BRDA:69,2,0,2
BRDA:69,2,1,0
BRDA:72,3,0,0
BRDA:72,3,1,2
BRDA:72,4,0,2
BRDA:72,4,1,0
BRDA:75,5,0,1
BRDA:75,5,1,1
BRDA:75,6,0,2
BRDA:75,6,1,1
BRF:15
BRH:12
end_of_record
TN:
SF:src\LoginModule.js
FN:11,(anonymous_0)
FN:31,(anonymous_1)
FN:46,(anonymous_2)
FNF:3
FNH:3
FNDA:2,(anonymous_0)
FNDA:3,(anonymous_1)
FNDA:3,(anonymous_2)
DA:1,2
DA:2,2
DA:4,2
DA:5,2
DA:7,2
DA:9,2
DA:11,2
DA:12,2
DA:13,2
DA:15,2
DA:17,2
DA:22,2
DA:24,1
DA:26,1
DA:27,1
DA:31,2
DA:32,3
DA:33,3
DA:35,2
DA:36,1
DA:38,1
DA:41,1
DA:42,1
DA:46,2
DA:47,3
DA:48,3
DA:50,3
DA:52,2
DA:54,2
DA:55,1
DA:57,1
DA:60,1
DA:64,2
LF:33
LH:33
BRDA:35,0,0,1
BRDA:35,0,1,1
BRDA:54,1,0,1
BRDA:54,1,1,1
BRF:4
BRH:4
end_of_record
TN:
SF:src\ProfileModule.js
FN:8,(anonymous_0)
FN:23,(anonymous_1)
FNF:2
FNH:2
FNDA:3,(anonymous_0)
FNDA:3,(anonymous_1)
DA:3,2
DA:4,2
DA:5,2
DA:8,2
DA:9,3
DA:10,3
DA:11,2
DA:12,1
DA:15,1
DA:16,1
DA:18,1
DA:23,2
DA:24,3
DA:25,3
DA:26,3
DA:28,2
DA:29,1
DA:33,1
DA:34,1
DA:35,1
DA:36,1
DA:38,1
DA:39,1
DA:41,1
DA:45,2
LF:25
LH:25
BRDA:11,0,0,1
BRDA:11,0,1,1
BRDA:28,1,0,1
BRDA:28,1,1,1
BRDA:33,2,0,1
BRDA:33,2,1,0
BRDA:34,3,0,1
BRDA:34,3,1,0
BRDA:35,4,0,1
BRDA:35,4,1,0
BRDA:36,5,0,1
BRDA:36,5,1,0
BRF:12
BRH:8
end_of_record
